<?xml version="1.0" encoding="UTF-8"?>
<!-- Generated by org.testng.reporters.JUnitXMLReporter -->
<testsuite hostname="BTP152883" ignored="0" name="Login Test" tests="5" failures="5" timestamp="04 Nov 2018 14:21:05 GMT" time="39.844" errors="0">
  <testcase name="runScenario" time="21.01" classname="cucumber.api.testng.AbstractTestNGCucumberTests">
    <failure type="java.lang.AssertionError" message="expected [false] but found [true]">
      <![CDATA[java.lang.AssertionError: expected [false] but found [true]at stepDefinitions.LoginSteps.user_maybe_be_navigated_to_the_homepage(LoginSteps.java:68)at ✽.user should be navigated to the homepage(src/test/resources/functionalTests/login.feature:30)... Removed 6 stack frames]]>
    </failure>
  </testcase> <!-- runScenario -->
  <testcase name="runScenario" time="4.63" classname="cucumber.api.testng.AbstractTestNGCucumberTests">
    <failure type="java.lang.AssertionError" message="expected [false] but found [true]">
      <![CDATA[java.lang.AssertionError: expected [false] but found [true]at stepDefinitions.LoginSteps.user_maybe_be_navigated_to_the_homepage(LoginSteps.java:68)at ✽.user should be navigated to the homepage(src/test/resources/functionalTests/login.feature:37)... Removed 6 stack frames]]>
    </failure>
  </testcase> <!-- runScenario -->
  <testcase name="runScenario" time="4.581" classname="cucumber.api.testng.AbstractTestNGCucumberTests">
    <failure type="java.lang.AssertionError" message="expected [false] but found [true]">
      <![CDATA[java.lang.AssertionError: expected [false] but found [true]at stepDefinitions.LoginSteps.user_maybe_be_navigated_to_the_homepage(LoginSteps.java:68)at ✽.user should not be navigated to the homepage(src/test/resources/functionalTests/login.feature:37)... Removed 6 stack frames]]>
    </failure>
  </testcase> <!-- runScenario -->
  <testcase name="runScenario" time="4.809" classname="cucumber.api.testng.AbstractTestNGCucumberTests">
    <failure type="java.lang.AssertionError" message="expected [false] but found [true]">
      <![CDATA[java.lang.AssertionError: expected [false] but found [true]at stepDefinitions.LoginSteps.user_maybe_be_navigated_to_the_homepage(LoginSteps.java:68)at ✽.user should not be navigated to the homepage(src/test/resources/functionalTests/login.feature:37)... Removed 6 stack frames]]>
    </failure>
  </testcase> <!-- runScenario -->
  <testcase name="runScenario" time="4.128" classname="cucumber.api.testng.AbstractTestNGCucumberTests">
    <failure type="java.lang.AssertionError" message="expected [false] but found [true]">
      <![CDATA[java.lang.AssertionError: expected [false] but found [true]at stepDefinitions.LoginSteps.user_maybe_be_navigated_to_the_homepage(LoginSteps.java:68)at ✽.user should not be navigated to the homepage(src/test/resources/functionalTests/login.feature:37)... Removed 6 stack frames]]>
    </failure>
  </testcase> <!-- runScenario -->
</testsuite> <!-- Login Test -->
